<?xml version="1.0" encoding="utf-8"?>
<shfbBuild product="Sandcastle Help File Builder and Tools" version="2015.10.10.0" projectFile="C:\Users\style\Documents\GitHub\BakuLibqiDotNetDoc\SHFB\LibqiDotNetDocumentation\LibqiDotNetDocumentation\LibqiDotNetDocumentation.shfbproj" started="2016/03/17 20:09:06">
<buildStep step="Initializing">
Finding tools...
The Sandcastle tools are located in &#39;C:\Program Files (x86)\EWSoftware\Sandcastle Help File Builder\&#39;
Locating components in the following folder(s):
    C:\Users\style\Documents\GitHub\BakuLibqiDotNetDoc\SHFB\LibqiDotNetDocumentation\LibqiDotNetDocumentation
    C:\ProgramData\EWSoftware\Sandcastle Help File Builder\Components and Plug-Ins\
    C:\Program Files (x86)\EWSoftware\Sandcastle Help File Builder\
Framework reflection data location: C:\Program Files (x86)\EWSoftware\Sandcastle Help File Builder\Data\.NETFramework
Using presentation style &#39;VS2013&#39; located in &#39;C:\Program Files (x86)\EWSoftware\Sandcastle Help File Builder\PresentationStyles\VS2013&#39;
Loading and initializing plug-ins...
Lightweight Website Style Version 2015.10.10.0
Copyright &#169; 2006-2015, Eric Woodruff, All Rights Reserved
Portions Copyright &#169; 2014, Sam Harwell, All Rights Reserved
-------------------------------
Clearing any prior web/markdown output...
</buildStep>
<buildStep step="ValidatingDocumentationSources">
Validating and copying documentation source information
Source: C:\Users\style\Documents\GitHub\BakuLibQiDotNet\Baku.LibqiDotNet\Baku.LibqiDotNet\bin\x86\Release\Baku.LibqiDotNet.dll
    Found assembly &#39;C:\Users\style\Documents\GitHub\BakuLibQiDotNet\Baku.LibqiDotNet\Baku.LibqiDotNet\bin\x86\Release\Baku.LibqiDotNet.dll&#39;
Source: C:\Users\style\Documents\GitHub\BakuLibQiDotNet\Baku.LibqiDotNet\Baku.LibqiDotNet\bin\x86\Release\Baku.LibqiDotNet.xml

Copying XML comments files
    C:\Users\style\Documents\GitHub\BakuLibQiDotNet\Baku.LibqiDotNet\Baku.LibqiDotNet\bin\x86\Release\Baku.LibqiDotNet.XML -&gt; C:\Users\style\Documents\GitHub\BakuLibqiDotNetDoc\SHFB\LibqiDotNetDocumentation\LibqiDotNetDocumentation\Help\Working\Baku.LibqiDotNet.XML
</buildStep>
<buildStep step="GenerateSharedContent">
Generating shared content files (ja-JP, 日本語 (日本))...
<plugIn name="Lightweight Website Style" behavior="After" priority="1000">
SHFB: Warning LWW0001: Unable to locate resizeToolTip resource item.  Using default text.
</plugIn>    Last step completed in 00:00:00.0125
</buildStep>
<buildStep step="GenerateApiFilter">
Generating API filter for MRefBuilder...
    Last step completed in 00:00:00.0115
</buildStep>
<buildStep step="GenerateReflectionInfo">
Generating reflection information...
[C:\Program Files (x86)\MSBuild\14.0\bin\MSBuild.exe - GenerateRefInfo.proj]
2016/03/17 20:09:08 にビルドを開始しました。
&quot;C:\Program Files (x86)\MSBuild\Microsoft\NuGet\Microsoft.NuGet.targets (186,61)&quot; にある BeforeTargets 属性に一覧表示されているターゲット &quot;BeforeGenerateProjectPriFile&quot; はプロジェクト内に存在しないため、無視されます。
ノード 1 上のプロジェクト &quot;C:\Users\style\Documents\GitHub\BakuLibqiDotNetDoc\SHFB\LibqiDotNetDocumentation\LibqiDotNetDocumentation\Help\Working\GenerateRefInfo.proj&quot; (既定のターゲット)。
PrepareForBuild:
  ディレクトリ &quot;obj\Debug\&quot; を作成しています。
GenerateRefInfo:
  MRefBuilder (v2015.10.10.0)
  Copyright c 2006-2015, Microsoft Corporation, All Rights Reserved.
  Portions Copyright c 2006-2015, Eric Woodruff, All Rights Reserved.
  Loaded 1 assemblies for reflection and 1 dependency assemblies.
  Wrote information on 3 namespaces, 45 types, and 371 members
  &quot;reflection.org&quot; から &quot;reflection.all&quot; へファイルをコピーしています。
  XslTransform (v2015.10.10.0)
  Copyright c 2006-2015, Microsoft Corporation, All Rights Reserved.
  Portions Copyright c 2006-2015, Eric Woodruff, All Rights Reserved.
  Applying XSL transformation &#39;C:\Program Files (x86)\EWSoftware\Sandcastle Help File Builder\ProductionTransforms\MergeDuplicates.xsl&#39;.
プロジェクト &quot;C:\Users\style\Documents\GitHub\BakuLibqiDotNetDoc\SHFB\LibqiDotNetDocumentation\LibqiDotNetDocumentation\Help\Working\GenerateRefInfo.proj&quot; (既定のターゲット) のビルドが完了しました。

ビルドに成功しました。

経過時間 00:00:00.64
    Last step completed in 00:00:00.8906
</buildStep>
<buildStep step="TransformReflectionInfo">
Transforming reflection output...
[C:\Program Files (x86)\MSBuild\14.0\bin\MSBuild.exe - TransformManifest.proj]
2016/03/17 20:09:08 にビルドを開始しました。
ノード 1 上のプロジェクト &quot;C:\Users\style\Documents\GitHub\BakuLibqiDotNetDoc\SHFB\LibqiDotNetDocumentation\LibqiDotNetDocumentation\Help\Working\TransformManifest.proj&quot; (既定のターゲット)。
TransformManifest:
  XslTransform (v2015.10.10.0)
  Copyright c 2006-2015, Microsoft Corporation, All Rights Reserved.
  Portions Copyright c 2006-2015, Eric Woodruff, All Rights Reserved.
  Applying XSL transformation &#39;C:\Program Files (x86)\EWSoftware\Sandcastle Help File Builder\\ProductionTransforms\ApplyVSDocModel.xsl&#39;.
  &quot;reflection.xml&quot; から &quot;reflection.nofilenames&quot; へファイルをコピーしています。
  XslTransform (v2015.10.10.0)
  Copyright c 2006-2015, Microsoft Corporation, All Rights Reserved.
  Portions Copyright c 2006-2015, Eric Woodruff, All Rights Reserved.
  Applying XSL transformation &#39;C:\Program Files (x86)\EWSoftware\Sandcastle Help File Builder\ProductionTransforms\AddFilenames.xsl&#39;.
  XslTransform (v2015.10.10.0)
  Copyright c 2006-2015, Microsoft Corporation, All Rights Reserved.
  Portions Copyright c 2006-2015, Eric Woodruff, All Rights Reserved.
  Applying XSL transformation &#39;C:\Program Files (x86)\EWSoftware\Sandcastle Help File Builder\ProductionTransforms\ReflectionToManifest.xsl&#39;.
プロジェクト &quot;C:\Users\style\Documents\GitHub\BakuLibqiDotNetDoc\SHFB\LibqiDotNetDocumentation\LibqiDotNetDocumentation\Help\Working\TransformManifest.proj&quot; (既定のターゲット) のビルドが完了しました。

ビルドに成功しました。

経過時間 00:00:00.59
    Last step completed in 00:00:00.7955
</buildStep>
<buildStep step="GenerateNamespaceSummaries">
Generating namespace summary information...
    Last step completed in 00:00:00.0186
</buildStep>
<buildStep step="CopyConceptualContent">
Copying conceptual content...
Copying standard token shared content file...
Checking for other token files...
Checking for code snippets files...
Copying images and creating the media map file...
Generating conceptual topic files
    Parsing topic file &#39;C:\Users\style\Documents\GitHub\BakuLibqiDotNetDoc\SHFB\LibqiDotNetDocumentation\LibqiDotNetDocumentation\Content\Welcome.aml&#39;
    C:\Users\style\Documents\GitHub\BakuLibqiDotNetDoc\SHFB\LibqiDotNetDocumentation\LibqiDotNetDocumentation\Content\Welcome.aml -&gt; C:\Users\style\Documents\GitHub\BakuLibqiDotNetDoc\SHFB\LibqiDotNetDocumentation\LibqiDotNetDocumentation\Help\Working\ddueXml\909ecc00-248e-4a75-b1f4-45f4b6539adb.xml
    Parsing topic file &#39;C:\Users\style\Documents\GitHub\BakuLibqiDotNetDoc\SHFB\LibqiDotNetDocumentation\LibqiDotNetDocumentation\Content\VersionHistory\VersionHistory.aml&#39;
    C:\Users\style\Documents\GitHub\BakuLibqiDotNetDoc\SHFB\LibqiDotNetDocumentation\LibqiDotNetDocumentation\Content\VersionHistory\VersionHistory.aml -&gt; C:\Users\style\Documents\GitHub\BakuLibqiDotNetDoc\SHFB\LibqiDotNetDocumentation\LibqiDotNetDocumentation\Help\Working\ddueXml\e7e7f769-1edf-4d58-9fd2-34d73284d30e.xml
    Parsing topic file &#39;C:\Users\style\Documents\GitHub\BakuLibqiDotNetDoc\SHFB\LibqiDotNetDocumentation\LibqiDotNetDocumentation\Content\VersionHistory\v1.0.0.0.aml&#39;
    C:\Users\style\Documents\GitHub\BakuLibqiDotNetDoc\SHFB\LibqiDotNetDocumentation\LibqiDotNetDocumentation\Content\VersionHistory\v1.0.0.0.aml -&gt; C:\Users\style\Documents\GitHub\BakuLibqiDotNetDoc\SHFB\LibqiDotNetDocumentation\LibqiDotNetDocumentation\Help\Working\ddueXml\cd0fc976-a517-4cde-9181-4d57cbf43a85.xml
    Parsing topic file &#39;C:\Users\style\Documents\GitHub\BakuLibqiDotNetDoc\SHFB\LibqiDotNetDocumentation\LibqiDotNetDocumentation\Content\VersionHistory\v1.0.1.0.aml&#39;
    C:\Users\style\Documents\GitHub\BakuLibqiDotNetDoc\SHFB\LibqiDotNetDocumentation\LibqiDotNetDocumentation\Content\VersionHistory\v1.0.1.0.aml -&gt; C:\Users\style\Documents\GitHub\BakuLibqiDotNetDoc\SHFB\LibqiDotNetDocumentation\LibqiDotNetDocumentation\Help\Working\ddueXml\07ce38cf-0e66-4dbf-a57c-f963e1a57933.xml
    Last step completed in 00:00:00.0873
</buildStep>
<buildStep step="CreateConceptualTopicConfigs">
Creating conceptual topic configuration files...
    Companion files
    _ContentMetadata_.xml
    ConceptualManifest.xml
    Last step completed in 00:00:00.0200
</buildStep>
<buildStep step="CopyAdditionalContent">
Copying additional content files...
C:\Users\style\Documents\GitHub\BakuLibqiDotNetDoc\SHFB\LibqiDotNetDocumentation\LibqiDotNetDocumentation\icons\Help.png -&gt; C:\Users\style\Documents\GitHub\BakuLibqiDotNetDoc\SHFB\LibqiDotNetDocumentation\LibqiDotNetDocumentation\Help\Working\Output\Website\icons\Help.png
    Last step completed in 00:00:00.0095
</buildStep>
<buildStep step="MergeTablesOfContents">
Merging conceptual and additional tables of contents...
    Last step completed in 00:00:00.0005
</buildStep>
<buildStep step="GenerateIntermediateTableOfContents">
Generating intermediate table of contents file...
[C:\Program Files (x86)\MSBuild\14.0\bin\MSBuild.exe - GenerateIntermediateTOC.proj]
2016/03/17 20:09:09 にビルドを開始しました。
ノード 1 上のプロジェクト &quot;C:\Users\style\Documents\GitHub\BakuLibqiDotNetDoc\SHFB\LibqiDotNetDocumentation\LibqiDotNetDocumentation\Help\Working\GenerateIntermediateTOC.proj&quot; (既定のターゲット)。
GenerateIntermediateTOC:
  XslTransform (v2015.10.10.0)
  Copyright c 2006-2015, Microsoft Corporation, All Rights Reserved.
  Portions Copyright c 2006-2015, Eric Woodruff, All Rights Reserved.
  Applying XSL transformation &#39;C:\Program Files (x86)\EWSoftware\Sandcastle Help File Builder\\ProductionTransforms\CreateVSToc.xsl&#39;.
プロジェクト &quot;C:\Users\style\Documents\GitHub\BakuLibqiDotNetDoc\SHFB\LibqiDotNetDocumentation\LibqiDotNetDocumentation\Help\Working\GenerateIntermediateTOC.proj&quot; (既定のターゲット) のビルドが完了しました。

ビルドに成功しました。

経過時間 00:00:00.13
Generating conceptual content intermediate TOC file...
    Last step completed in 00:00:00.3395
</buildStep>
<buildStep step="CreateBuildAssemblerConfigs">
Creating Sandcastle configuration files...
    sandcastle.config
    conceptual.config
    Last step completed in 00:00:00.1779
</buildStep>
<buildStep step="MergeCustomConfigs">
Merging custom build component configurations
C:\Users\style\Documents\GitHub\BakuLibqiDotNetDoc\SHFB\LibqiDotNetDocumentation\LibqiDotNetDocumentation\Help\Working\sandcastle.config
C:\Users\style\Documents\GitHub\BakuLibqiDotNetDoc\SHFB\LibqiDotNetDocumentation\LibqiDotNetDocumentation\Help\Working\conceptual.config
    Removing unused ExampleComponent.
    Last step completed in 00:00:00.0205
</buildStep>
<buildStep step="BuildConceptualTopics">
Building conceptual help topics...
[C:\Program Files (x86)\MSBuild\14.0\bin\MSBuild.exe - BuildConceptualTopics.proj]
2016/03/17 20:09:10 にビルドを開始しました。
ノード 1 上のプロジェクト &quot;C:\Users\style\Documents\GitHub\BakuLibqiDotNetDoc\SHFB\LibqiDotNetDocumentation\LibqiDotNetDocumentation\Help\Working\BuildConceptualTopics.proj&quot; (既定のターゲット)。
BuildConceptualTopics:
  BuildAssembler (v2015.10.10.0)
  Copyright c 2006-2015, Microsoft Corporation, All Rights Reserved.
  Portions Copyright c 2006-2015, Eric Woodruff, All Rights Reserved.
  Loading configuration...
  Processing topics...
  Processed 4 topic(s)
  CopyFromIndexComponent: &quot;metadata&quot; in-memory cache entries used: 1 of 15.
プロジェクト &quot;C:\Users\style\Documents\GitHub\BakuLibqiDotNetDoc\SHFB\LibqiDotNetDocumentation\LibqiDotNetDocumentation\Help\Working\BuildConceptualTopics.proj&quot; (既定のターゲット) のビルドが完了しました。

ビルドに成功しました。

経過時間 00:00:03.74
    Last step completed in 00:00:03.9641
</buildStep>
<buildStep step="BuildReferenceTopics">
Building reference help topics...
[C:\Program Files (x86)\MSBuild\14.0\bin\MSBuild.exe - BuildReferenceTopics.proj]
2016/03/17 20:09:14 にビルドを開始しました。
ノード 1 上のプロジェクト &quot;C:\Users\style\Documents\GitHub\BakuLibqiDotNetDoc\SHFB\LibqiDotNetDocumentation\LibqiDotNetDocumentation\Help\Working\BuildReferenceTopics.proj&quot; (既定のターゲット)。
BuildReferenceTopics:
  BuildAssembler (v2015.10.10.0)
  Copyright c 2006-2015, Microsoft Corporation, All Rights Reserved.
  Portions Copyright c 2006-2015, Eric Woodruff, All Rights Reserved.
  Loading configuration...
  Processing topics...
BuildAssembler : warning : SharedContentComponent: [T:Baku.LibqiDotNet.QiAnyValue] Missing shared content item. Tag: &#39;include&#39;; Id:&#39;text_moreInheritance&#39;. [C:\Users\style\Documents\GitHub\BakuLibqiDotNetDoc\SHFB\LibqiDotNetDocumentation\LibqiDotNetDocumentation\Help\Working\BuildReferenceTopics.proj]
BuildAssembler : warning : ShowMissingComponent: [M:Baku.LibqiDotNet.QiAnyValue.op_Implicit(System.Boolean)~Baku.LibqiDotNet.QiAnyValue] Missing &lt;returns&gt; documentation [C:\Users\style\Documents\GitHub\BakuLibqiDotNetDoc\SHFB\LibqiDotNetDocumentation\LibqiDotNetDocumentation\Help\Working\BuildReferenceTopics.proj]
BuildAssembler : warning : ShowMissingComponent: [M:Baku.LibqiDotNet.QiAnyValue.op_Implicit(System.Byte)~Baku.LibqiDotNet.QiAnyValue] Missing &lt;returns&gt; documentation [C:\Users\style\Documents\GitHub\BakuLibqiDotNetDoc\SHFB\LibqiDotNetDocumentation\LibqiDotNetDocumentation\Help\Working\BuildReferenceTopics.proj]
BuildAssembler : warning : ShowMissingComponent: [M:Baku.LibqiDotNet.QiAnyValue.op_Implicit(System.Byte[])~Baku.LibqiDotNet.QiAnyValue] Missing &lt;returns&gt; documentation [C:\Users\style\Documents\GitHub\BakuLibqiDotNetDoc\SHFB\LibqiDotNetDocumentation\LibqiDotNetDocumentation\Help\Working\BuildReferenceTopics.proj]
BuildAssembler : warning : ShowMissingComponent: [M:Baku.LibqiDotNet.QiAnyValue.op_Implicit(System.Double)~Baku.LibqiDotNet.QiAnyValue] Missing &lt;returns&gt; documentation [C:\Users\style\Documents\GitHub\BakuLibqiDotNetDoc\SHFB\LibqiDotNetDocumentation\LibqiDotNetDocumentation\Help\Working\BuildReferenceTopics.proj]
BuildAssembler : warning : ShowMissingComponent: [M:Baku.LibqiDotNet.QiAnyValue.op_Implicit(System.Double[])~Baku.LibqiDotNet.QiAnyValue] Missing &lt;returns&gt; documentation [C:\Users\style\Documents\GitHub\BakuLibqiDotNetDoc\SHFB\LibqiDotNetDocumentation\LibqiDotNetDocumentation\Help\Working\BuildReferenceTopics.proj]
BuildAssembler : warning : ShowMissingComponent: [M:Baku.LibqiDotNet.QiAnyValue.op_Implicit(System.Int16)~Baku.LibqiDotNet.QiAnyValue] Missing &lt;returns&gt; documentation [C:\Users\style\Documents\GitHub\BakuLibqiDotNetDoc\SHFB\LibqiDotNetDocumentation\LibqiDotNetDocumentation\Help\Working\BuildReferenceTopics.proj]
BuildAssembler : warning : ShowMissingComponent: [M:Baku.LibqiDotNet.QiAnyValue.op_Implicit(System.Int32)~Baku.LibqiDotNet.QiAnyValue] Missing &lt;returns&gt; documentation [C:\Users\style\Documents\GitHub\BakuLibqiDotNetDoc\SHFB\LibqiDotNetDocumentation\LibqiDotNetDocumentation\Help\Working\BuildReferenceTopics.proj]
BuildAssembler : warning : ShowMissingComponent: [M:Baku.LibqiDotNet.QiAnyValue.op_Implicit(System.Int32[])~Baku.LibqiDotNet.QiAnyValue] Missing &lt;returns&gt; documentation [C:\Users\style\Documents\GitHub\BakuLibqiDotNetDoc\SHFB\LibqiDotNetDocumentation\LibqiDotNetDocumentation\Help\Working\BuildReferenceTopics.proj]
BuildAssembler : warning : ShowMissingComponent: [M:Baku.LibqiDotNet.QiAnyValue.op_Implicit(System.Int64)~Baku.LibqiDotNet.QiAnyValue] Missing &lt;returns&gt; documentation [C:\Users\style\Documents\GitHub\BakuLibqiDotNetDoc\SHFB\LibqiDotNetDocumentation\LibqiDotNetDocumentation\Help\Working\BuildReferenceTopics.proj]
BuildAssembler : warning : ShowMissingComponent: [M:Baku.LibqiDotNet.QiAnyValue.op_Implicit(System.SByte)~Baku.LibqiDotNet.QiAnyValue] Missing &lt;returns&gt; documentation [C:\Users\style\Documents\GitHub\BakuLibqiDotNetDoc\SHFB\LibqiDotNetDocumentation\LibqiDotNetDocumentation\Help\Working\BuildReferenceTopics.proj]
BuildAssembler : warning : ShowMissingComponent: [M:Baku.LibqiDotNet.QiAnyValue.op_Implicit(System.Single)~Baku.LibqiDotNet.QiAnyValue] Missing &lt;returns&gt; documentation [C:\Users\style\Documents\GitHub\BakuLibqiDotNetDoc\SHFB\LibqiDotNetDocumentation\LibqiDotNetDocumentation\Help\Working\BuildReferenceTopics.proj]
BuildAssembler : warning : ShowMissingComponent: [M:Baku.LibqiDotNet.QiAnyValue.op_Implicit(System.String)~Baku.LibqiDotNet.QiAnyValue] Missing &lt;returns&gt; documentation [C:\Users\style\Documents\GitHub\BakuLibqiDotNetDoc\SHFB\LibqiDotNetDocumentation\LibqiDotNetDocumentation\Help\Working\BuildReferenceTopics.proj]
BuildAssembler : warning : ShowMissingComponent: [M:Baku.LibqiDotNet.QiAnyValue.op_Implicit(System.String[])~Baku.LibqiDotNet.QiAnyValue] Missing &lt;returns&gt; documentation [C:\Users\style\Documents\GitHub\BakuLibqiDotNetDoc\SHFB\LibqiDotNetDocumentation\LibqiDotNetDocumentation\Help\Working\BuildReferenceTopics.proj]
BuildAssembler : warning : ShowMissingComponent: [M:Baku.LibqiDotNet.QiAnyValue.op_Implicit(System.UInt16)~Baku.LibqiDotNet.QiAnyValue] Missing &lt;returns&gt; documentation [C:\Users\style\Documents\GitHub\BakuLibqiDotNetDoc\SHFB\LibqiDotNetDocumentation\LibqiDotNetDocumentation\Help\Working\BuildReferenceTopics.proj]
BuildAssembler : warning : ShowMissingComponent: [M:Baku.LibqiDotNet.QiAnyValue.op_Implicit(System.UInt32)~Baku.LibqiDotNet.QiAnyValue] Missing &lt;returns&gt; documentation [C:\Users\style\Documents\GitHub\BakuLibqiDotNetDoc\SHFB\LibqiDotNetDocumentation\LibqiDotNetDocumentation\Help\Working\BuildReferenceTopics.proj]
BuildAssembler : warning : ShowMissingComponent: [M:Baku.LibqiDotNet.QiAnyValue.op_Implicit(System.UInt64)~Baku.LibqiDotNet.QiAnyValue] Missing &lt;returns&gt; documentation [C:\Users\style\Documents\GitHub\BakuLibqiDotNetDoc\SHFB\LibqiDotNetDocumentation\LibqiDotNetDocumentation\Help\Working\BuildReferenceTopics.proj]
BuildAssembler : warning : ShowMissingComponent: [M:Baku.LibqiDotNet.QiBool.op_Implicit(System.Boolean)~Baku.LibqiDotNet.QiBool] Missing &lt;returns&gt; documentation [C:\Users\style\Documents\GitHub\BakuLibqiDotNetDoc\SHFB\LibqiDotNetDocumentation\LibqiDotNetDocumentation\Help\Working\BuildReferenceTopics.proj]
BuildAssembler : warning : ShowMissingComponent: [M:Baku.LibqiDotNet.QiDouble.op_Implicit(System.Double)~Baku.LibqiDotNet.QiDouble] Missing &lt;returns&gt; documentation [C:\Users\style\Documents\GitHub\BakuLibqiDotNetDoc\SHFB\LibqiDotNetDocumentation\LibqiDotNetDocumentation\Help\Working\BuildReferenceTopics.proj]
BuildAssembler : warning : ShowMissingComponent: [M:Baku.LibqiDotNet.QiFloat.op_Implicit(System.Single)~Baku.LibqiDotNet.QiFloat] Missing &lt;returns&gt; documentation [C:\Users\style\Documents\GitHub\BakuLibqiDotNetDoc\SHFB\LibqiDotNetDocumentation\LibqiDotNetDocumentation\Help\Working\BuildReferenceTopics.proj]
BuildAssembler : warning : ShowMissingComponent: [M:Baku.LibqiDotNet.QiFuture.GetInt64(System.Int64)] Missing &lt;param name=&quot;def&quot;/&gt; documentation [C:\Users\style\Documents\GitHub\BakuLibqiDotNetDoc\SHFB\LibqiDotNetDocumentation\LibqiDotNetDocumentation\Help\Working\BuildReferenceTopics.proj]
BuildAssembler : warning : ShowMissingComponent: [M:Baku.LibqiDotNet.QiFuture.GetUInt64(System.UInt64)] Missing &lt;param name=&quot;def&quot;/&gt; documentation [C:\Users\style\Documents\GitHub\BakuLibqiDotNetDoc\SHFB\LibqiDotNetDocumentation\LibqiDotNetDocumentation\Help\Working\BuildReferenceTopics.proj]
BuildAssembler : warning : ShowMissingComponent: [M:Baku.LibqiDotNet.QiInt16.op_Implicit(System.Int16)~Baku.LibqiDotNet.QiInt16] Missing &lt;returns&gt; documentation [C:\Users\style\Documents\GitHub\BakuLibqiDotNetDoc\SHFB\LibqiDotNetDocumentation\LibqiDotNetDocumentation\Help\Working\BuildReferenceTopics.proj]
BuildAssembler : warning : ShowMissingComponent: [M:Baku.LibqiDotNet.QiInt32.op_Implicit(System.Int32)~Baku.LibqiDotNet.QiInt32] Missing &lt;returns&gt; documentation [C:\Users\style\Documents\GitHub\BakuLibqiDotNetDoc\SHFB\LibqiDotNetDocumentation\LibqiDotNetDocumentation\Help\Working\BuildReferenceTopics.proj]
BuildAssembler : warning : ShowMissingComponent: [M:Baku.LibqiDotNet.QiInt64.op_Implicit(System.Int64)~Baku.LibqiDotNet.QiInt64] Missing &lt;returns&gt; documentation [C:\Users\style\Documents\GitHub\BakuLibqiDotNetDoc\SHFB\LibqiDotNetDocumentation\LibqiDotNetDocumentation\Help\Working\BuildReferenceTopics.proj]
BuildAssembler : warning : ShowMissingComponent: [M:Baku.LibqiDotNet.QiInt8.op_Implicit(System.SByte)~Baku.LibqiDotNet.QiInt8] Missing &lt;returns&gt; documentation [C:\Users\style\Documents\GitHub\BakuLibqiDotNetDoc\SHFB\LibqiDotNetDocumentation\LibqiDotNetDocumentation\Help\Working\BuildReferenceTopics.proj]
BuildAssembler : warning : ShowMissingComponent: [M:Baku.LibqiDotNet.QiList.Create``1(System.Collections.Generic.IEnumerable{``0})] Missing &lt;typeparam name=&quot;T&quot;/&gt; documentation [C:\Users\style\Documents\GitHub\BakuLibqiDotNetDoc\SHFB\LibqiDotNetDocumentation\LibqiDotNetDocumentation\Help\Working\BuildReferenceTopics.proj]
BuildAssembler : warning : ShowMissingComponent: [M:Baku.LibqiDotNet.QiList.Create``1(System.Collections.Generic.IEnumerable{``0})] Missing &lt;returns&gt; documentation [C:\Users\style\Documents\GitHub\BakuLibqiDotNetDoc\SHFB\LibqiDotNetDocumentation\LibqiDotNetDocumentation\Help\Working\BuildReferenceTopics.proj]
BuildAssembler : warning : ShowMissingComponent: [T:Baku.LibqiDotNet.QiList`1] Missing &lt;typeparam name=&quot;T&quot;/&gt; documentation [C:\Users\style\Documents\GitHub\BakuLibqiDotNetDoc\SHFB\LibqiDotNetDocumentation\LibqiDotNetDocumentation\Help\Working\BuildReferenceTopics.proj]
BuildAssembler : warning : ShowMissingComponent: [M:Baku.LibqiDotNet.QiList`1.Create(System.Collections.Generic.IEnumerable{`0})] Missing &lt;returns&gt; documentation [C:\Users\style\Documents\GitHub\BakuLibqiDotNetDoc\SHFB\LibqiDotNetDocumentation\LibqiDotNetDocumentation\Help\Working\BuildReferenceTopics.proj]
BuildAssembler : warning : ShowMissingComponent: [M:Baku.LibqiDotNet.QiListExtension.ToQiDynamicList``1(System.Collections.Generic.IEnumerable{``0})] Missing &lt;typeparam name=&quot;T&quot;/&gt; documentation [C:\Users\style\Documents\GitHub\BakuLibqiDotNetDoc\SHFB\LibqiDotNetDocumentation\LibqiDotNetDocumentation\Help\Working\BuildReferenceTopics.proj]
BuildAssembler : warning : ShowMissingComponent: [T:Baku.LibqiDotNet.QiMap`2] Missing &lt;typeparam name=&quot;K&quot;/&gt; documentation [C:\Users\style\Documents\GitHub\BakuLibqiDotNetDoc\SHFB\LibqiDotNetDocumentation\LibqiDotNetDocumentation\Help\Working\BuildReferenceTopics.proj]
BuildAssembler : warning : ShowMissingComponent: [T:Baku.LibqiDotNet.QiMap`2] Missing &lt;typeparam name=&quot;V&quot;/&gt; documentation [C:\Users\style\Documents\GitHub\BakuLibqiDotNetDoc\SHFB\LibqiDotNetDocumentation\LibqiDotNetDocumentation\Help\Working\BuildReferenceTopics.proj]
BuildAssembler : warning : ShowMissingComponent: [M:Baku.LibqiDotNet.QiPromise.Create(System.Boolean)] Missing &lt;returns&gt; documentation [C:\Users\style\Documents\GitHub\BakuLibqiDotNetDoc\SHFB\LibqiDotNetDocumentation\LibqiDotNetDocumentation\Help\Working\BuildReferenceTopics.proj]
BuildAssembler : warning : ShowMissingComponent: [M:Baku.LibqiDotNet.QiPromise.Create(System.Boolean,Baku.LibqiDotNet.QiFutureCancel,System.IntPtr)] Missing &lt;returns&gt; documentation [C:\Users\style\Documents\GitHub\BakuLibqiDotNetDoc\SHFB\LibqiDotNetDocumentation\LibqiDotNetDocumentation\Help\Working\BuildReferenceTopics.proj]
BuildAssembler : warning : ShowMissingComponent: [M:Baku.LibqiDotNet.QiSession.Create] Missing &lt;returns&gt; documentation [C:\Users\style\Documents\GitHub\BakuLibqiDotNetDoc\SHFB\LibqiDotNetDocumentation\LibqiDotNetDocumentation\Help\Working\BuildReferenceTopics.proj]
BuildAssembler : warning : ShowMissingComponent: [M:Baku.LibqiDotNet.QiSession.GetUrl] Missing &lt;returns&gt; documentation [C:\Users\style\Documents\GitHub\BakuLibqiDotNetDoc\SHFB\LibqiDotNetDocumentation\LibqiDotNetDocumentation\Help\Working\BuildReferenceTopics.proj]
BuildAssembler : warning : ShowMissingComponent: [M:Baku.LibqiDotNet.QiSession.SetIdentity(System.String,System.String)] Missing &lt;returns&gt; documentation [C:\Users\style\Documents\GitHub\BakuLibqiDotNetDoc\SHFB\LibqiDotNetDocumentation\LibqiDotNetDocumentation\Help\Working\BuildReferenceTopics.proj]
BuildAssembler : warning : ShowMissingComponent: [M:Baku.LibqiDotNet.QiSession.SetIdentity(System.String,System.String)] Missing &lt;param name=&quot;key&quot;/&gt; documentation [C:\Users\style\Documents\GitHub\BakuLibqiDotNetDoc\SHFB\LibqiDotNetDocumentation\LibqiDotNetDocumentation\Help\Working\BuildReferenceTopics.proj]
BuildAssembler : warning : ShowMissingComponent: [M:Baku.LibqiDotNet.QiSession.SetIdentity(System.String,System.String)] Missing &lt;param name=&quot;crt&quot;/&gt; documentation [C:\Users\style\Documents\GitHub\BakuLibqiDotNetDoc\SHFB\LibqiDotNetDocumentation\LibqiDotNetDocumentation\Help\Working\BuildReferenceTopics.proj]
BuildAssembler : warning : ShowMissingComponent: [M:Baku.LibqiDotNet.QiString.op_Implicit(System.String)~Baku.LibqiDotNet.QiString] Missing &lt;returns&gt; documentation [C:\Users\style\Documents\GitHub\BakuLibqiDotNetDoc\SHFB\LibqiDotNetDocumentation\LibqiDotNetDocumentation\Help\Working\BuildReferenceTopics.proj]
BuildAssembler : warning : ShowMissingComponent: [M:Baku.LibqiDotNet.QiUInt16.op_Implicit(System.UInt16)~Baku.LibqiDotNet.QiUInt16] Missing &lt;returns&gt; documentation [C:\Users\style\Documents\GitHub\BakuLibqiDotNetDoc\SHFB\LibqiDotNetDocumentation\LibqiDotNetDocumentation\Help\Working\BuildReferenceTopics.proj]
BuildAssembler : warning : ShowMissingComponent: [M:Baku.LibqiDotNet.QiUInt32.op_Implicit(System.UInt32)~Baku.LibqiDotNet.QiUInt32] Missing &lt;returns&gt; documentation [C:\Users\style\Documents\GitHub\BakuLibqiDotNetDoc\SHFB\LibqiDotNetDocumentation\LibqiDotNetDocumentation\Help\Working\BuildReferenceTopics.proj]
BuildAssembler : warning : ShowMissingComponent: [M:Baku.LibqiDotNet.QiUInt64.op_Implicit(System.UInt64)~Baku.LibqiDotNet.QiUInt64] Missing &lt;returns&gt; documentation [C:\Users\style\Documents\GitHub\BakuLibqiDotNetDoc\SHFB\LibqiDotNetDocumentation\LibqiDotNetDocumentation\Help\Working\BuildReferenceTopics.proj]
BuildAssembler : warning : ShowMissingComponent: [M:Baku.LibqiDotNet.QiUInt8.op_Implicit(System.Byte)~Baku.LibqiDotNet.QiUInt8] Missing &lt;returns&gt; documentation [C:\Users\style\Documents\GitHub\BakuLibqiDotNetDoc\SHFB\LibqiDotNetDocumentation\LibqiDotNetDocumentation\Help\Working\BuildReferenceTopics.proj]
BuildAssembler : warning : ShowMissingComponent: [M:Baku.LibqiDotNet.QiValue.AddElement(Baku.LibqiDotNet.QiValue)] Missing &lt;returns&gt; documentation [C:\Users\style\Documents\GitHub\BakuLibqiDotNetDoc\SHFB\LibqiDotNetDocumentation\LibqiDotNetDocumentation\Help\Working\BuildReferenceTopics.proj]
BuildAssembler : warning : ShowMissingComponent: [M:Baku.LibqiDotNet.QiValue.Dump(System.Int32,System.Int32)] Missing &lt;param name=&quot;indentStep&quot;/&gt; documentation [C:\Users\style\Documents\GitHub\BakuLibqiDotNetDoc\SHFB\LibqiDotNetDocumentation\LibqiDotNetDocumentation\Help\Working\BuildReferenceTopics.proj]
BuildAssembler : warning : ShowMissingComponent: [M:Baku.LibqiDotNet.QiValue.Dump(System.Int32,System.Int32)] Missing &lt;param name=&quot;indentStart&quot;/&gt; documentation [C:\Users\style\Documents\GitHub\BakuLibqiDotNetDoc\SHFB\LibqiDotNetDocumentation\LibqiDotNetDocumentation\Help\Working\BuildReferenceTopics.proj]
BuildAssembler : warning : ShowMissingComponent: [M:Baku.LibqiDotNet.QiValue.op_Explicit(Baku.LibqiDotNet.QiValue)~System.Boolean] Missing &lt;returns&gt; documentation [C:\Users\style\Documents\GitHub\BakuLibqiDotNetDoc\SHFB\LibqiDotNetDocumentation\LibqiDotNetDocumentation\Help\Working\BuildReferenceTopics.proj]
BuildAssembler : warning : ShowMissingComponent: [M:Baku.LibqiDotNet.QiValue.op_Explicit(Baku.LibqiDotNet.QiValue)~System.Byte] Missing &lt;returns&gt; documentation [C:\Users\style\Documents\GitHub\BakuLibqiDotNetDoc\SHFB\LibqiDotNetDocumentation\LibqiDotNetDocumentation\Help\Working\BuildReferenceTopics.proj]
BuildAssembler : warning : ShowMissingComponent: [M:Baku.LibqiDotNet.QiValue.op_Explicit(Baku.LibqiDotNet.QiValue)~System.UInt16] Missing &lt;returns&gt; documentation [C:\Users\style\Documents\GitHub\BakuLibqiDotNetDoc\SHFB\LibqiDotNetDocumentation\LibqiDotNetDocumentation\Help\Working\BuildReferenceTopics.proj]
BuildAssembler : warning : ShowMissingComponent: [M:Baku.LibqiDotNet.QiValue.op_Explicit(Baku.LibqiDotNet.QiValue)~System.UInt32] Missing &lt;returns&gt; documentation [C:\Users\style\Documents\GitHub\BakuLibqiDotNetDoc\SHFB\LibqiDotNetDocumentation\LibqiDotNetDocumentation\Help\Working\BuildReferenceTopics.proj]
BuildAssembler : warning : ShowMissingComponent: [M:Baku.LibqiDotNet.QiValue.op_Explicit(Baku.LibqiDotNet.QiValue)~System.UInt64] Missing &lt;returns&gt; documentation [C:\Users\style\Documents\GitHub\BakuLibqiDotNetDoc\SHFB\LibqiDotNetDocumentation\LibqiDotNetDocumentation\Help\Working\BuildReferenceTopics.proj]
BuildAssembler : warning : ShowMissingComponent: [M:Baku.LibqiDotNet.QiValue.op_Explicit(Baku.LibqiDotNet.QiValue)~System.SByte] Missing &lt;returns&gt; documentation [C:\Users\style\Documents\GitHub\BakuLibqiDotNetDoc\SHFB\LibqiDotNetDocumentation\LibqiDotNetDocumentation\Help\Working\BuildReferenceTopics.proj]
BuildAssembler : warning : ShowMissingComponent: [M:Baku.LibqiDotNet.QiValue.op_Explicit(Baku.LibqiDotNet.QiValue)~System.Int16] Missing &lt;returns&gt; documentation [C:\Users\style\Documents\GitHub\BakuLibqiDotNetDoc\SHFB\LibqiDotNetDocumentation\LibqiDotNetDocumentation\Help\Working\BuildReferenceTopics.proj]
BuildAssembler : warning : ShowMissingComponent: [M:Baku.LibqiDotNet.QiValue.op_Explicit(Baku.LibqiDotNet.QiValue)~System.Int32] Missing &lt;returns&gt; documentation [C:\Users\style\Documents\GitHub\BakuLibqiDotNetDoc\SHFB\LibqiDotNetDocumentation\LibqiDotNetDocumentation\Help\Working\BuildReferenceTopics.proj]
BuildAssembler : warning : ShowMissingComponent: [M:Baku.LibqiDotNet.QiValue.op_Explicit(Baku.LibqiDotNet.QiValue)~System.Int64] Missing &lt;returns&gt; documentation [C:\Users\style\Documents\GitHub\BakuLibqiDotNetDoc\SHFB\LibqiDotNetDocumentation\LibqiDotNetDocumentation\Help\Working\BuildReferenceTopics.proj]
BuildAssembler : warning : ShowMissingComponent: [M:Baku.LibqiDotNet.QiValue.op_Explicit(Baku.LibqiDotNet.QiValue)~System.Single] Missing &lt;returns&gt; documentation [C:\Users\style\Documents\GitHub\BakuLibqiDotNetDoc\SHFB\LibqiDotNetDocumentation\LibqiDotNetDocumentation\Help\Working\BuildReferenceTopics.proj]
BuildAssembler : warning : ShowMissingComponent: [M:Baku.LibqiDotNet.QiValue.op_Explicit(Baku.LibqiDotNet.QiValue)~System.Double] Missing &lt;returns&gt; documentation [C:\Users\style\Documents\GitHub\BakuLibqiDotNetDoc\SHFB\LibqiDotNetDocumentation\LibqiDotNetDocumentation\Help\Working\BuildReferenceTopics.proj]
BuildAssembler : warning : ShowMissingComponent: [M:Baku.LibqiDotNet.QiValue.op_Explicit(Baku.LibqiDotNet.QiValue)~System.String] Missing &lt;returns&gt; documentation [C:\Users\style\Documents\GitHub\BakuLibqiDotNetDoc\SHFB\LibqiDotNetDocumentation\LibqiDotNetDocumentation\Help\Working\BuildReferenceTopics.proj]
BuildAssembler : warning : ShowMissingComponent: [M:Baku.LibqiDotNet.QiValue.op_Explicit(Baku.LibqiDotNet.QiValue)~System.Byte[]] Missing &lt;returns&gt; documentation [C:\Users\style\Documents\GitHub\BakuLibqiDotNetDoc\SHFB\LibqiDotNetDocumentation\LibqiDotNetDocumentation\Help\Working\BuildReferenceTopics.proj]
BuildAssembler : warning : ShowMissingComponent: [M:Baku.LibqiDotNet.QiValue.op_Explicit(Baku.LibqiDotNet.QiValue)~System.Int32[]] Missing &lt;returns&gt; documentation [C:\Users\style\Documents\GitHub\BakuLibqiDotNetDoc\SHFB\LibqiDotNetDocumentation\LibqiDotNetDocumentation\Help\Working\BuildReferenceTopics.proj]
BuildAssembler : warning : ShowMissingComponent: [M:Baku.LibqiDotNet.QiValue.op_Explicit(Baku.LibqiDotNet.QiValue)~System.Double[]] Missing &lt;returns&gt; documentation [C:\Users\style\Documents\GitHub\BakuLibqiDotNetDoc\SHFB\LibqiDotNetDocumentation\LibqiDotNetDocumentation\Help\Working\BuildReferenceTopics.proj]
BuildAssembler : warning : ShowMissingComponent: [M:Baku.LibqiDotNet.QiValue.op_Explicit(Baku.LibqiDotNet.QiValue)~System.String[]] Missing &lt;returns&gt; documentation [C:\Users\style\Documents\GitHub\BakuLibqiDotNetDoc\SHFB\LibqiDotNetDocumentation\LibqiDotNetDocumentation\Help\Working\BuildReferenceTopics.proj]
BuildAssembler : warning : ShowMissingComponent: [M:Baku.LibqiDotNet.QiValue.Reset(System.String)] Missing &lt;param name=&quot;signature&quot;/&gt; documentation [C:\Users\style\Documents\GitHub\BakuLibqiDotNetDoc\SHFB\LibqiDotNetDocumentation\LibqiDotNetDocumentation\Help\Working\BuildReferenceTopics.proj]
BuildAssembler : warning : ShowMissingComponent: [M:Baku.LibqiDotNet.QiValue.Swap(Baku.LibqiDotNet.QiValue,Baku.LibqiDotNet.QiValue)] Missing &lt;param name=&quot;v1&quot;/&gt; documentation [C:\Users\style\Documents\GitHub\BakuLibqiDotNetDoc\SHFB\LibqiDotNetDocumentation\LibqiDotNetDocumentation\Help\Working\BuildReferenceTopics.proj]
BuildAssembler : warning : ShowMissingComponent: [M:Baku.LibqiDotNet.QiValue.Swap(Baku.LibqiDotNet.QiValue,Baku.LibqiDotNet.QiValue)] Missing &lt;param name=&quot;v2&quot;/&gt; documentation [C:\Users\style\Documents\GitHub\BakuLibqiDotNetDoc\SHFB\LibqiDotNetDocumentation\LibqiDotNetDocumentation\Help\Working\BuildReferenceTopics.proj]
BuildAssembler : warning : ResolveReferenceLinksComponent: [N:Baku.LibqiDotNet.Path] Unknown reference link target &#39;M:Baku.LibqiDotNet.Path.PathModifier.AddEnvironmentPath(System.String)&#39;. [C:\Users\style\Documents\GitHub\BakuLibqiDotNetDoc\SHFB\LibqiDotNetDocumentation\LibqiDotNetDocumentation\Help\Working\BuildReferenceTopics.proj]
BuildAssembler : warning : ResolveReferenceLinksComponent: [T:Baku.LibqiDotNet.Path.PathModifyMode] Unknown reference link target &#39;M:Baku.LibqiDotNet.Path.PathModifier.AddEnvironmentPath(System.String)&#39;. [C:\Users\style\Documents\GitHub\BakuLibqiDotNetDoc\SHFB\LibqiDotNetDocumentation\LibqiDotNetDocumentation\Help\Working\BuildReferenceTopics.proj]
  Processed 468 topic(s)
  69 warning(s)
  CopyFromIndexComponent: &quot;reflection&quot; in-memory cache entries used: 4 of 15.
  CopyFromIndexComponent: &quot;comments&quot; in-memory cache entries used: 3 of 30.
プロジェクト &quot;C:\Users\style\Documents\GitHub\BakuLibqiDotNetDoc\SHFB\LibqiDotNetDocumentation\LibqiDotNetDocumentation\Help\Working\BuildReferenceTopics.proj&quot; (既定のターゲット) のビルドが完了しました。

ビルドに成功しました。

経過時間 00:00:13.40
    Last step completed in 00:00:13.6266
</buildStep>
<buildStep step="CombiningIntermediateTocFiles">
Combining conceptual and API intermediate TOC files...
    Last step completed in 00:00:00.0050
</buildStep>
<buildStep step="ExtractingHtmlInfo">
Extracting HTML info for HTML Help 1 and/or website...
[C:\Program Files (x86)\MSBuild\14.0\bin\MSBuild.exe - ExtractHtmlInfo.proj]
Sandcastle Help File Builder and Tools, version 2015.10.10.0
Copyright c 2006-2015, Eric Woodruff, All Rights Reserved
E-Mail: Eric@EWoodruff.us

Using LCID &#39;1041&#39;, code page &#39;932&#39;, encoding charset &#39;shift-jis&#39;.

Processing website files in C:\Users\style\Documents\GitHub\BakuLibqiDotNetDoc\SHFB\LibqiDotNetDocumentation\LibqiDotNetDocumentation\Help\Working\Output\Website
Processed 472 HTML files
Sorting keywords and generating See Also indices
Saving website keyword index to C:\Users\style\Documents\GitHub\BakuLibqiDotNetDoc\SHFB\LibqiDotNetDocumentation\LibqiDotNetDocumentation\Help\Working\WebKI.xml
Saving website table of contents to C:\Users\style\Documents\GitHub\BakuLibqiDotNetDoc\SHFB\LibqiDotNetDocumentation\LibqiDotNetDocumentation\Help\Working\WebTOC.xml
    Last step completed in 00:00:01.2904
</buildStep>
<buildStep step="CopyStandardHelpContent">
Copying standard help content...
C:\Program Files (x86)\EWSoftware\Sandcastle Help File Builder\PresentationStyles\VS2013\icons\AlertCaution.png -&gt; C:\Users\style\Documents\GitHub\BakuLibqiDotNetDoc\SHFB\LibqiDotNetDocumentation\LibqiDotNetDocumentation\Help\Working\Output\Website\icons\AlertCaution.png
C:\Program Files (x86)\EWSoftware\Sandcastle Help File Builder\PresentationStyles\VS2013\icons\AlertNote.png -&gt; C:\Users\style\Documents\GitHub\BakuLibqiDotNetDoc\SHFB\LibqiDotNetDocumentation\LibqiDotNetDocumentation\Help\Working\Output\Website\icons\AlertNote.png
C:\Program Files (x86)\EWSoftware\Sandcastle Help File Builder\PresentationStyles\VS2013\icons\AlertSecurity.png -&gt; C:\Users\style\Documents\GitHub\BakuLibqiDotNetDoc\SHFB\LibqiDotNetDocumentation\LibqiDotNetDocumentation\Help\Working\Output\Website\icons\AlertSecurity.png
C:\Program Files (x86)\EWSoftware\Sandcastle Help File Builder\PresentationStyles\VS2013\icons\CFW.gif -&gt; C:\Users\style\Documents\GitHub\BakuLibqiDotNetDoc\SHFB\LibqiDotNetDocumentation\LibqiDotNetDocumentation\Help\Working\Output\Website\icons\CFW.gif
C:\Program Files (x86)\EWSoftware\Sandcastle Help File Builder\PresentationStyles\VS2013\icons\CodeExample.png -&gt; C:\Users\style\Documents\GitHub\BakuLibqiDotNetDoc\SHFB\LibqiDotNetDocumentation\LibqiDotNetDocumentation\Help\Working\Output\Website\icons\CodeExample.png
C:\Program Files (x86)\EWSoftware\Sandcastle Help File Builder\PresentationStyles\VS2013\icons\favicon.ico -&gt; C:\Users\style\Documents\GitHub\BakuLibqiDotNetDoc\SHFB\LibqiDotNetDocumentation\LibqiDotNetDocumentation\Help\Working\Output\Website\icons\favicon.ico
C:\Program Files (x86)\EWSoftware\Sandcastle Help File Builder\PresentationStyles\VS2013\icons\privclass.gif -&gt; C:\Users\style\Documents\GitHub\BakuLibqiDotNetDoc\SHFB\LibqiDotNetDocumentation\LibqiDotNetDocumentation\Help\Working\Output\Website\icons\privclass.gif
C:\Program Files (x86)\EWSoftware\Sandcastle Help File Builder\PresentationStyles\VS2013\icons\privdelegate.gif -&gt; C:\Users\style\Documents\GitHub\BakuLibqiDotNetDoc\SHFB\LibqiDotNetDocumentation\LibqiDotNetDocumentation\Help\Working\Output\Website\icons\privdelegate.gif
C:\Program Files (x86)\EWSoftware\Sandcastle Help File Builder\PresentationStyles\VS2013\icons\privenumeration.gif -&gt; C:\Users\style\Documents\GitHub\BakuLibqiDotNetDoc\SHFB\LibqiDotNetDocumentation\LibqiDotNetDocumentation\Help\Working\Output\Website\icons\privenumeration.gif
C:\Program Files (x86)\EWSoftware\Sandcastle Help File Builder\PresentationStyles\VS2013\icons\privevent.gif -&gt; C:\Users\style\Documents\GitHub\BakuLibqiDotNetDoc\SHFB\LibqiDotNetDocumentation\LibqiDotNetDocumentation\Help\Working\Output\Website\icons\privevent.gif
C:\Program Files (x86)\EWSoftware\Sandcastle Help File Builder\PresentationStyles\VS2013\icons\privextension.gif -&gt; C:\Users\style\Documents\GitHub\BakuLibqiDotNetDoc\SHFB\LibqiDotNetDocumentation\LibqiDotNetDocumentation\Help\Working\Output\Website\icons\privextension.gif
C:\Program Files (x86)\EWSoftware\Sandcastle Help File Builder\PresentationStyles\VS2013\icons\privfield.gif -&gt; C:\Users\style\Documents\GitHub\BakuLibqiDotNetDoc\SHFB\LibqiDotNetDocumentation\LibqiDotNetDocumentation\Help\Working\Output\Website\icons\privfield.gif
C:\Program Files (x86)\EWSoftware\Sandcastle Help File Builder\PresentationStyles\VS2013\icons\privinterface.gif -&gt; C:\Users\style\Documents\GitHub\BakuLibqiDotNetDoc\SHFB\LibqiDotNetDocumentation\LibqiDotNetDocumentation\Help\Working\Output\Website\icons\privinterface.gif
C:\Program Files (x86)\EWSoftware\Sandcastle Help File Builder\PresentationStyles\VS2013\icons\privmethod.gif -&gt; C:\Users\style\Documents\GitHub\BakuLibqiDotNetDoc\SHFB\LibqiDotNetDocumentation\LibqiDotNetDocumentation\Help\Working\Output\Website\icons\privmethod.gif
C:\Program Files (x86)\EWSoftware\Sandcastle Help File Builder\PresentationStyles\VS2013\icons\privproperty.gif -&gt; C:\Users\style\Documents\GitHub\BakuLibqiDotNetDoc\SHFB\LibqiDotNetDocumentation\LibqiDotNetDocumentation\Help\Working\Output\Website\icons\privproperty.gif
C:\Program Files (x86)\EWSoftware\Sandcastle Help File Builder\PresentationStyles\VS2013\icons\privstructure.gif -&gt; C:\Users\style\Documents\GitHub\BakuLibqiDotNetDoc\SHFB\LibqiDotNetDocumentation\LibqiDotNetDocumentation\Help\Working\Output\Website\icons\privstructure.gif
C:\Program Files (x86)\EWSoftware\Sandcastle Help File Builder\PresentationStyles\VS2013\icons\protclass.gif -&gt; C:\Users\style\Documents\GitHub\BakuLibqiDotNetDoc\SHFB\LibqiDotNetDocumentation\LibqiDotNetDocumentation\Help\Working\Output\Website\icons\protclass.gif
C:\Program Files (x86)\EWSoftware\Sandcastle Help File Builder\PresentationStyles\VS2013\icons\protdelegate.gif -&gt; C:\Users\style\Documents\GitHub\BakuLibqiDotNetDoc\SHFB\LibqiDotNetDocumentation\LibqiDotNetDocumentation\Help\Working\Output\Website\icons\protdelegate.gif
C:\Program Files (x86)\EWSoftware\Sandcastle Help File Builder\PresentationStyles\VS2013\icons\protenumeration.gif -&gt; C:\Users\style\Documents\GitHub\BakuLibqiDotNetDoc\SHFB\LibqiDotNetDocumentation\LibqiDotNetDocumentation\Help\Working\Output\Website\icons\protenumeration.gif
C:\Program Files (x86)\EWSoftware\Sandcastle Help File Builder\PresentationStyles\VS2013\icons\protevent.gif -&gt; C:\Users\style\Documents\GitHub\BakuLibqiDotNetDoc\SHFB\LibqiDotNetDocumentation\LibqiDotNetDocumentation\Help\Working\Output\Website\icons\protevent.gif
C:\Program Files (x86)\EWSoftware\Sandcastle Help File Builder\PresentationStyles\VS2013\icons\protextension.gif -&gt; C:\Users\style\Documents\GitHub\BakuLibqiDotNetDoc\SHFB\LibqiDotNetDocumentation\LibqiDotNetDocumentation\Help\Working\Output\Website\icons\protextension.gif
C:\Program Files (x86)\EWSoftware\Sandcastle Help File Builder\PresentationStyles\VS2013\icons\protfield.gif -&gt; C:\Users\style\Documents\GitHub\BakuLibqiDotNetDoc\SHFB\LibqiDotNetDocumentation\LibqiDotNetDocumentation\Help\Working\Output\Website\icons\protfield.gif
C:\Program Files (x86)\EWSoftware\Sandcastle Help File Builder\PresentationStyles\VS2013\icons\protinterface.gif -&gt; C:\Users\style\Documents\GitHub\BakuLibqiDotNetDoc\SHFB\LibqiDotNetDocumentation\LibqiDotNetDocumentation\Help\Working\Output\Website\icons\protinterface.gif
C:\Program Files (x86)\EWSoftware\Sandcastle Help File Builder\PresentationStyles\VS2013\icons\protmethod.gif -&gt; C:\Users\style\Documents\GitHub\BakuLibqiDotNetDoc\SHFB\LibqiDotNetDocumentation\LibqiDotNetDocumentation\Help\Working\Output\Website\icons\protmethod.gif
C:\Program Files (x86)\EWSoftware\Sandcastle Help File Builder\PresentationStyles\VS2013\icons\protoperator.gif -&gt; C:\Users\style\Documents\GitHub\BakuLibqiDotNetDoc\SHFB\LibqiDotNetDocumentation\LibqiDotNetDocumentation\Help\Working\Output\Website\icons\protoperator.gif
C:\Program Files (x86)\EWSoftware\Sandcastle Help File Builder\PresentationStyles\VS2013\icons\protproperty.gif -&gt; C:\Users\style\Documents\GitHub\BakuLibqiDotNetDoc\SHFB\LibqiDotNetDocumentation\LibqiDotNetDocumentation\Help\Working\Output\Website\icons\protproperty.gif
C:\Program Files (x86)\EWSoftware\Sandcastle Help File Builder\PresentationStyles\VS2013\icons\protstructure.gif -&gt; C:\Users\style\Documents\GitHub\BakuLibqiDotNetDoc\SHFB\LibqiDotNetDocumentation\LibqiDotNetDocumentation\Help\Working\Output\Website\icons\protstructure.gif
C:\Program Files (x86)\EWSoftware\Sandcastle Help File Builder\PresentationStyles\VS2013\icons\pubclass.gif -&gt; C:\Users\style\Documents\GitHub\BakuLibqiDotNetDoc\SHFB\LibqiDotNetDocumentation\LibqiDotNetDocumentation\Help\Working\Output\Website\icons\pubclass.gif
C:\Program Files (x86)\EWSoftware\Sandcastle Help File Builder\PresentationStyles\VS2013\icons\pubdelegate.gif -&gt; C:\Users\style\Documents\GitHub\BakuLibqiDotNetDoc\SHFB\LibqiDotNetDocumentation\LibqiDotNetDocumentation\Help\Working\Output\Website\icons\pubdelegate.gif
C:\Program Files (x86)\EWSoftware\Sandcastle Help File Builder\PresentationStyles\VS2013\icons\pubenumeration.gif -&gt; C:\Users\style\Documents\GitHub\BakuLibqiDotNetDoc\SHFB\LibqiDotNetDocumentation\LibqiDotNetDocumentation\Help\Working\Output\Website\icons\pubenumeration.gif
C:\Program Files (x86)\EWSoftware\Sandcastle Help File Builder\PresentationStyles\VS2013\icons\pubevent.gif -&gt; C:\Users\style\Documents\GitHub\BakuLibqiDotNetDoc\SHFB\LibqiDotNetDocumentation\LibqiDotNetDocumentation\Help\Working\Output\Website\icons\pubevent.gif
C:\Program Files (x86)\EWSoftware\Sandcastle Help File Builder\PresentationStyles\VS2013\icons\pubextension.gif -&gt; C:\Users\style\Documents\GitHub\BakuLibqiDotNetDoc\SHFB\LibqiDotNetDocumentation\LibqiDotNetDocumentation\Help\Working\Output\Website\icons\pubextension.gif
C:\Program Files (x86)\EWSoftware\Sandcastle Help File Builder\PresentationStyles\VS2013\icons\pubfield.gif -&gt; C:\Users\style\Documents\GitHub\BakuLibqiDotNetDoc\SHFB\LibqiDotNetDocumentation\LibqiDotNetDocumentation\Help\Working\Output\Website\icons\pubfield.gif
C:\Program Files (x86)\EWSoftware\Sandcastle Help File Builder\PresentationStyles\VS2013\icons\pubinterface.gif -&gt; C:\Users\style\Documents\GitHub\BakuLibqiDotNetDoc\SHFB\LibqiDotNetDocumentation\LibqiDotNetDocumentation\Help\Working\Output\Website\icons\pubinterface.gif
C:\Program Files (x86)\EWSoftware\Sandcastle Help File Builder\PresentationStyles\VS2013\icons\pubmethod.gif -&gt; C:\Users\style\Documents\GitHub\BakuLibqiDotNetDoc\SHFB\LibqiDotNetDocumentation\LibqiDotNetDocumentation\Help\Working\Output\Website\icons\pubmethod.gif
C:\Program Files (x86)\EWSoftware\Sandcastle Help File Builder\PresentationStyles\VS2013\icons\puboperator.gif -&gt; C:\Users\style\Documents\GitHub\BakuLibqiDotNetDoc\SHFB\LibqiDotNetDocumentation\LibqiDotNetDocumentation\Help\Working\Output\Website\icons\puboperator.gif
C:\Program Files (x86)\EWSoftware\Sandcastle Help File Builder\PresentationStyles\VS2013\icons\pubproperty.gif -&gt; C:\Users\style\Documents\GitHub\BakuLibqiDotNetDoc\SHFB\LibqiDotNetDocumentation\LibqiDotNetDocumentation\Help\Working\Output\Website\icons\pubproperty.gif
C:\Program Files (x86)\EWSoftware\Sandcastle Help File Builder\PresentationStyles\VS2013\icons\pubstructure.gif -&gt; C:\Users\style\Documents\GitHub\BakuLibqiDotNetDoc\SHFB\LibqiDotNetDocumentation\LibqiDotNetDocumentation\Help\Working\Output\Website\icons\pubstructure.gif
C:\Program Files (x86)\EWSoftware\Sandcastle Help File Builder\PresentationStyles\VS2013\icons\SectionCollapsed.png -&gt; C:\Users\style\Documents\GitHub\BakuLibqiDotNetDoc\SHFB\LibqiDotNetDocumentation\LibqiDotNetDocumentation\Help\Working\Output\Website\icons\SectionCollapsed.png
C:\Program Files (x86)\EWSoftware\Sandcastle Help File Builder\PresentationStyles\VS2013\icons\SectionExpanded.png -&gt; C:\Users\style\Documents\GitHub\BakuLibqiDotNetDoc\SHFB\LibqiDotNetDocumentation\LibqiDotNetDocumentation\Help\Working\Output\Website\icons\SectionExpanded.png
C:\Program Files (x86)\EWSoftware\Sandcastle Help File Builder\PresentationStyles\VS2013\icons\slMobile.gif -&gt; C:\Users\style\Documents\GitHub\BakuLibqiDotNetDoc\SHFB\LibqiDotNetDocumentation\LibqiDotNetDocumentation\Help\Working\Output\Website\icons\slMobile.gif
C:\Program Files (x86)\EWSoftware\Sandcastle Help File Builder\PresentationStyles\VS2013\icons\static.gif -&gt; C:\Users\style\Documents\GitHub\BakuLibqiDotNetDoc\SHFB\LibqiDotNetDocumentation\LibqiDotNetDocumentation\Help\Working\Output\Website\icons\static.gif
C:\Program Files (x86)\EWSoftware\Sandcastle Help File Builder\PresentationStyles\VS2013\icons\xna.gif -&gt; C:\Users\style\Documents\GitHub\BakuLibqiDotNetDoc\SHFB\LibqiDotNetDocumentation\LibqiDotNetDocumentation\Help\Working\Output\Website\icons\xna.gif
C:\Program Files (x86)\EWSoftware\Sandcastle Help File Builder\PresentationStyles\VS2013\scripts\branding.js -&gt; C:\Users\style\Documents\GitHub\BakuLibqiDotNetDoc\SHFB\LibqiDotNetDocumentation\LibqiDotNetDocumentation\Help\Working\Output\Website\scripts\branding.js
C:\Program Files (x86)\EWSoftware\Sandcastle Help File Builder\PresentationStyles\VS2013\styles\branding-cs-CZ.css -&gt; C:\Users\style\Documents\GitHub\BakuLibqiDotNetDoc\SHFB\LibqiDotNetDocumentation\LibqiDotNetDocumentation\Help\Working\Output\Website\styles\branding-cs-CZ.css
C:\Program Files (x86)\EWSoftware\Sandcastle Help File Builder\PresentationStyles\VS2013\styles\branding-de-DE.css -&gt; C:\Users\style\Documents\GitHub\BakuLibqiDotNetDoc\SHFB\LibqiDotNetDocumentation\LibqiDotNetDocumentation\Help\Working\Output\Website\styles\branding-de-DE.css
C:\Program Files (x86)\EWSoftware\Sandcastle Help File Builder\PresentationStyles\VS2013\styles\branding-en-US.css -&gt; C:\Users\style\Documents\GitHub\BakuLibqiDotNetDoc\SHFB\LibqiDotNetDocumentation\LibqiDotNetDocumentation\Help\Working\Output\Website\styles\branding-en-US.css
C:\Program Files (x86)\EWSoftware\Sandcastle Help File Builder\PresentationStyles\VS2013\styles\branding-es-ES.css -&gt; C:\Users\style\Documents\GitHub\BakuLibqiDotNetDoc\SHFB\LibqiDotNetDocumentation\LibqiDotNetDocumentation\Help\Working\Output\Website\styles\branding-es-ES.css
C:\Program Files (x86)\EWSoftware\Sandcastle Help File Builder\PresentationStyles\VS2013\styles\branding-fr-FR.css -&gt; C:\Users\style\Documents\GitHub\BakuLibqiDotNetDoc\SHFB\LibqiDotNetDocumentation\LibqiDotNetDocumentation\Help\Working\Output\Website\styles\branding-fr-FR.css
C:\Program Files (x86)\EWSoftware\Sandcastle Help File Builder\PresentationStyles\VS2013\styles\branding-Help1.css -&gt; C:\Users\style\Documents\GitHub\BakuLibqiDotNetDoc\SHFB\LibqiDotNetDocumentation\LibqiDotNetDocumentation\Help\Working\Output\Website\styles\branding-Help1.css
C:\Program Files (x86)\EWSoftware\Sandcastle Help File Builder\PresentationStyles\VS2013\styles\branding-HelpViewer.css -&gt; C:\Users\style\Documents\GitHub\BakuLibqiDotNetDoc\SHFB\LibqiDotNetDocumentation\LibqiDotNetDocumentation\Help\Working\Output\Website\styles\branding-HelpViewer.css
C:\Program Files (x86)\EWSoftware\Sandcastle Help File Builder\PresentationStyles\VS2013\styles\branding-it-IT.css -&gt; C:\Users\style\Documents\GitHub\BakuLibqiDotNetDoc\SHFB\LibqiDotNetDocumentation\LibqiDotNetDocumentation\Help\Working\Output\Website\styles\branding-it-IT.css
C:\Program Files (x86)\EWSoftware\Sandcastle Help File Builder\PresentationStyles\VS2013\styles\branding-ja-JP.css -&gt; C:\Users\style\Documents\GitHub\BakuLibqiDotNetDoc\SHFB\LibqiDotNetDocumentation\LibqiDotNetDocumentation\Help\Working\Output\Website\styles\branding-ja-JP.css
C:\Program Files (x86)\EWSoftware\Sandcastle Help File Builder\PresentationStyles\VS2013\styles\branding-ko-KR.css -&gt; C:\Users\style\Documents\GitHub\BakuLibqiDotNetDoc\SHFB\LibqiDotNetDocumentation\LibqiDotNetDocumentation\Help\Working\Output\Website\styles\branding-ko-KR.css
C:\Program Files (x86)\EWSoftware\Sandcastle Help File Builder\PresentationStyles\VS2013\styles\branding-pl-PL.css -&gt; C:\Users\style\Documents\GitHub\BakuLibqiDotNetDoc\SHFB\LibqiDotNetDocumentation\LibqiDotNetDocumentation\Help\Working\Output\Website\styles\branding-pl-PL.css
C:\Program Files (x86)\EWSoftware\Sandcastle Help File Builder\PresentationStyles\VS2013\styles\branding-pt-BR.css -&gt; C:\Users\style\Documents\GitHub\BakuLibqiDotNetDoc\SHFB\LibqiDotNetDocumentation\LibqiDotNetDocumentation\Help\Working\Output\Website\styles\branding-pt-BR.css
C:\Program Files (x86)\EWSoftware\Sandcastle Help File Builder\PresentationStyles\VS2013\styles\branding-ru-RU.css -&gt; C:\Users\style\Documents\GitHub\BakuLibqiDotNetDoc\SHFB\LibqiDotNetDocumentation\LibqiDotNetDocumentation\Help\Working\Output\Website\styles\branding-ru-RU.css
C:\Program Files (x86)\EWSoftware\Sandcastle Help File Builder\PresentationStyles\VS2013\styles\branding-tr-TR.css -&gt; C:\Users\style\Documents\GitHub\BakuLibqiDotNetDoc\SHFB\LibqiDotNetDocumentation\LibqiDotNetDocumentation\Help\Working\Output\Website\styles\branding-tr-TR.css
C:\Program Files (x86)\EWSoftware\Sandcastle Help File Builder\PresentationStyles\VS2013\styles\branding-Website.css -&gt; C:\Users\style\Documents\GitHub\BakuLibqiDotNetDoc\SHFB\LibqiDotNetDocumentation\LibqiDotNetDocumentation\Help\Working\Output\Website\styles\branding-Website.css
C:\Program Files (x86)\EWSoftware\Sandcastle Help File Builder\PresentationStyles\VS2013\styles\branding-zh-CN.css -&gt; C:\Users\style\Documents\GitHub\BakuLibqiDotNetDoc\SHFB\LibqiDotNetDocumentation\LibqiDotNetDocumentation\Help\Working\Output\Website\styles\branding-zh-CN.css
C:\Program Files (x86)\EWSoftware\Sandcastle Help File Builder\PresentationStyles\VS2013\styles\branding-zh-TW.css -&gt; C:\Users\style\Documents\GitHub\BakuLibqiDotNetDoc\SHFB\LibqiDotNetDocumentation\LibqiDotNetDocumentation\Help\Working\Output\Website\styles\branding-zh-TW.css
C:\Program Files (x86)\EWSoftware\Sandcastle Help File Builder\PresentationStyles\VS2013\styles\branding.css -&gt; C:\Users\style\Documents\GitHub\BakuLibqiDotNetDoc\SHFB\LibqiDotNetDocumentation\LibqiDotNetDocumentation\Help\Working\Output\Website\styles\branding.css
C:\Program Files (x86)\EWSoftware\Sandcastle Help File Builder\PresentationStyles\VS2013\Web\index.html -&gt; C:\Users\style\Documents\GitHub\BakuLibqiDotNetDoc\SHFB\LibqiDotNetDocumentation\LibqiDotNetDocumentation\Help\Working\Output\Website\index.html
C:\Program Files (x86)\EWSoftware\Sandcastle Help File Builder\PresentationStyles\VS2013\Web\search.html -&gt; C:\Users\style\Documents\GitHub\BakuLibqiDotNetDoc\SHFB\LibqiDotNetDocumentation\LibqiDotNetDocumentation\Help\Working\Output\Website\search.html
C:\Program Files (x86)\EWSoftware\Sandcastle Help File Builder\PresentationStyles\VS2013\Web\SearchHelp.aspx -&gt; C:\Users\style\Documents\GitHub\BakuLibqiDotNetDoc\SHFB\LibqiDotNetDocumentation\LibqiDotNetDocumentation\Help\Working\Output\Website\SearchHelp.aspx
C:\Program Files (x86)\EWSoftware\Sandcastle Help File Builder\PresentationStyles\VS2013\Web\SearchHelp.inc.php -&gt; C:\Users\style\Documents\GitHub\BakuLibqiDotNetDoc\SHFB\LibqiDotNetDocumentation\LibqiDotNetDocumentation\Help\Working\Output\Website\SearchHelp.inc.php
C:\Program Files (x86)\EWSoftware\Sandcastle Help File Builder\PresentationStyles\VS2013\Web\SearchHelp.php -&gt; C:\Users\style\Documents\GitHub\BakuLibqiDotNetDoc\SHFB\LibqiDotNetDocumentation\LibqiDotNetDocumentation\Help\Working\Output\Website\SearchHelp.php
C:\Program Files (x86)\EWSoftware\Sandcastle Help File Builder\PresentationStyles\VS2013\Web\Web.Config -&gt; C:\Users\style\Documents\GitHub\BakuLibqiDotNetDoc\SHFB\LibqiDotNetDocumentation\LibqiDotNetDocumentation\Help\Working\Output\Website\Web.Config
C:\Program Files (x86)\EWSoftware\Sandcastle Help File Builder\PresentationStyles\VS2013\Web\icons\Search.png -&gt; C:\Users\style\Documents\GitHub\BakuLibqiDotNetDoc\SHFB\LibqiDotNetDocumentation\LibqiDotNetDocumentation\Help\Working\Output\Website\icons\Search.png
C:\Program Files (x86)\EWSoftware\Sandcastle Help File Builder\PresentationStyles\VS2013\Web\icons\TocClose.gif -&gt; C:\Users\style\Documents\GitHub\BakuLibqiDotNetDoc\SHFB\LibqiDotNetDocumentation\LibqiDotNetDocumentation\Help\Working\Output\Website\icons\TocClose.gif
C:\Program Files (x86)\EWSoftware\Sandcastle Help File Builder\PresentationStyles\VS2013\Web\icons\TocCollapsed.gif -&gt; C:\Users\style\Documents\GitHub\BakuLibqiDotNetDoc\SHFB\LibqiDotNetDocumentation\LibqiDotNetDocumentation\Help\Working\Output\Website\icons\TocCollapsed.gif
C:\Program Files (x86)\EWSoftware\Sandcastle Help File Builder\PresentationStyles\VS2013\Web\icons\TocExpanded.gif -&gt; C:\Users\style\Documents\GitHub\BakuLibqiDotNetDoc\SHFB\LibqiDotNetDocumentation\LibqiDotNetDocumentation\Help\Working\Output\Website\icons\TocExpanded.gif
C:\Program Files (x86)\EWSoftware\Sandcastle Help File Builder\PresentationStyles\VS2013\Web\icons\TocOpen.gif -&gt; C:\Users\style\Documents\GitHub\BakuLibqiDotNetDoc\SHFB\LibqiDotNetDocumentation\LibqiDotNetDocumentation\Help\Working\Output\Website\icons\TocOpen.gif
C:\Program Files (x86)\EWSoftware\Sandcastle Help File Builder\PresentationStyles\VS2013\Web\scripts\branding-Website.js -&gt; C:\Users\style\Documents\GitHub\BakuLibqiDotNetDoc\SHFB\LibqiDotNetDocumentation\LibqiDotNetDocumentation\Help\Working\Output\Website\scripts\branding-Website.js
C:\Program Files (x86)\EWSoftware\Sandcastle Help File Builder\PresentationStyles\VS2013\Web\scripts\jquery-1.11.0.min.js -&gt; C:\Users\style\Documents\GitHub\BakuLibqiDotNetDoc\SHFB\LibqiDotNetDocumentation\LibqiDotNetDocumentation\Help\Working\Output\Website\scripts\jquery-1.11.0.min.js
    Last step completed in 00:00:00.7644
</buildStep>
<buildStep step="GenerateHelpFormatTableOfContents">
Generating website table of contents file...
    Last step completed in 00:00:00.0005
</buildStep>
<buildStep step="GenerateFullTextIndex">
Generating full-text index for the website...

<plugIn name="Lightweight Website Style" behavior="After" priority="1000">
Adding lightweight search and TOC elements to each topic...
</plugIn>    Last step completed in 00:00:01.8795
</buildStep>
<buildStep step="CopyingWebsiteFiles">
Copying website files to output folder...

Copied 500 files
Copied 821 files for the website content
    Last step completed in 00:00:01.1240
</buildStep>
<buildStep step="CleanIntermediates">
Removing intermediate files...
    Last step completed in 00:00:00.7036
</buildStep>
<buildStep step="Completed">

Build completed successfully at 2016/03/17 20:09:33.  Total time: 00:00:26.8425

</buildStep>
</shfbBuild>
